# Activity Log

## Run Summary
- 2026-02-06 22:37:29 | run=20260206-222820-4396 | iter=3 | mode=build | story=US-003 | duration=235s | status=success
- 2026-02-06 22:33:32 | run=20260206-222820-4396 | iter=2 | mode=build | story=US-002 | duration=157s | status=success
- 2026-02-06 22:30:53 | run=20260206-222820-4396 | iter=1 | mode=build | story=US-001 | duration=153s | status=success

## Events

[2026-02-06 22:28:20] ITERATION 1 start (mode=build story=US-001)
[2026-02-06 22:29:00] US-001: Created fab/.kit/ directory structure (templates/, skills/, scripts/)
[2026-02-06 22:29:01] US-001: Created fab/.kit/VERSION with '0.1.0'
[2026-02-06 22:29:02] US-001: All verification checks passed
[2026-02-06 22:29:03] US-001: Committing changes
[2026-02-06 22:29:30] US-001: Committed as 520f08c
[2026-02-06 22:29:31] US-001: Progress log updated
[2026-02-06 22:29:32] US-001: Story complete
[2026-02-06 22:30:53] ITERATION 1 end (duration=153s)
[2026-02-06 22:30:55] ITERATION 2 start (mode=build story=US-002)
[2026-02-06 22:31:43] US-002: Starting work on status.sh script (iteration 2)
[2026-02-06 22:32:40] US-002: Created status.sh, all acceptance criteria verified
[2026-02-06 22:33:18] US-002: Progress log updated, committing final state
[2026-02-06 22:33:32] ITERATION 2 end (duration=157s)
[2026-02-06 22:33:34] ITERATION 3 start (mode=build story=US-003)
[2026-02-06 22:35:00] US-003: Created all 5 artifact templates (proposal, spec, plan, tasks, checklist)
[2026-02-06 22:35:30] US-003: All quality gates passed, templates verified
[2026-02-06 22:35:45] US-003: Committing changes
[2026-02-06 22:36:00] US-003: Committed as 9248239
[2026-02-06 22:36:10] US-003: Progress log updated
[2026-02-06 22:36:15] US-003: Story complete
[2026-02-06 22:37:29] ITERATION 3 end (duration=235s)
[2026-02-06 22:37:31] ITERATION 4 start (mode=build story=US-004)
[2026-02-06 22:38:07] US-004: Starting work on shared context preamble (_context.md)
[2026-02-06 22:40:10] US-004: Created _context.md, all quality gates pass
[2026-02-06 22:40:12] US-004: Committed as b01d50b, progress log updated
